Using pre-set license
Built from '2020.3/release' branch; Version is '2020.3.7f1 (dd97f2c94397) revision 14522354'; Using compiler version '192528614'; Build Type 'Release'
OS: 'Windows 10 Enterprise LTSC 2019; OS build 17763.1039; Version 1809; 64bit' Language: 'uk' Physical Memory: 16307 MB
BatchMode: 1, IsHumanControllingUs: 0, StartBugReporterOnCrash: 0, Is64bit: 1, IsPro: 0

 COMMAND LINE ARGUMENTS:
F:\Maxym\2020.3.7f1\Editor\Unity.exe
-adb2
-batchMode
-noUpm
-name
AssetImportWorker0
-projectPath
D:/Unity Games/REPRESITORS/Coding-Heaven/Coding Heaven
-logFile
Logs/AssetImportWorker0.log
-srvPort
10324
Successfully changed project path to: D:/Unity Games/REPRESITORS/Coding-Heaven/Coding Heaven
D:/Unity Games/REPRESITORS/Coding-Heaven/Coding Heaven
Using Asset Import Pipeline V2.
Refreshing native plugins compatible for Editor in 24.66 ms, found 0 plugins.
Preloading 0 native plugins for Editor in 0.00 ms.
Initialize engine version: 2020.3.7f1 (dd97f2c94397)
[Subsystems] Discovering subsystems at path F:/Maxym/2020.3.7f1/Editor/Data/Resources/UnitySubsystems
[Subsystems] Discovering subsystems at path D:/Unity Games/REPRESITORS/Coding-Heaven/Coding Heaven/Assets
GfxDevice: creating device client; threaded=0
Direct3D:
    Version:  Direct3D 11.0 [level 11.1]
    Renderer: NVIDIA GeForce GTX 960 (ID=0x1401)
    Vendor:   
    VRAM:     2007 MB
    Driver:   27.21.14.6647
Initialize mono
Mono path[0] = 'F:/Maxym/2020.3.7f1/Editor/Data/Managed'
Mono path[1] = 'F:/Maxym/2020.3.7f1/Editor/Data/MonoBleedingEdge/lib/mono/unityjit'
Mono config path = 'F:/Maxym/2020.3.7f1/Editor/Data/MonoBleedingEdge/etc'
Using monoOptions --debugger-agent=transport=dt_socket,embedding=1,server=y,suspend=n,address=127.0.0.1:56116
Begin MonoManager ReloadAssembly
Registering precompiled unity dll's ...
Register platform support module: F:/Maxym/2020.3.7f1/Editor/Data/PlaybackEngines/WindowsStandaloneSupport/UnityEditor.WindowsStandalone.Extensions.dll
Registered in 0.000758 seconds.
Native extension for WindowsStandalone target not found
Refreshing native plugins compatible for Editor in 24.76 ms, found 0 plugins.
Preloading 0 native plugins for Editor in 0.00 ms.
Mono: successfully reloaded assembly
- Completed reload, in  1.428 seconds
Platform modules already initialized, skipping
Registering precompiled user dll's ...
Registered in 0.001826 seconds.
Begin MonoManager ReloadAssembly
Native extension for WindowsStandalone target not found
Refreshing native plugins compatible for Editor in 0.33 ms, found 0 plugins.
Preloading 0 native plugins for Editor in 0.00 ms.
Mono: successfully reloaded assembly
- Completed reload, in  0.792 seconds
Platform modules already initialized, skipping
========================================================================
Worker process is ready to serve import requests
Launched and connected shader compiler UnityShaderCompiler.exe after 0.05 seconds
Refreshing native plugins compatible for Editor in 0.22 ms, found 0 plugins.
Preloading 0 native plugins for Editor in 0.00 ms.
Unloading 1170 Unused Serialized files (Serialized files now loaded: 0)
System memory in use before: 60.7 MB.
System memory in use after: 60.7 MB.

Unloading 10 unused Assets to reduce memory usage. Loaded Objects now: 1612.
Total: 2.664300 ms (FindLiveObjects: 0.374400 ms CreateObjectMapping: 0.116100 ms MarkObjects: 2.075300 ms  DeleteObjects: 0.097100 ms)

========================================================================
Received Import Request.
  path: Assets/NEW CHARACTER/character-tex-4.jpg
  artifactKey: Guid(196d75ece70319548a4cd5798c8bed6e) Importer(815301076,1909f56bfc062723c751e8b465ee728b)
Start importing Assets/NEW CHARACTER/character-tex-4.jpg using Guid(196d75ece70319548a4cd5798c8bed6e) Importer(815301076,1909f56bfc062723c751e8b465ee728b)  -> (artifact id: '1fb50070325f3f29b1340e0868fb1c4b') in 0.071347 seconds
  Import took 0.073467 seconds .

========================================================================
Received Import Request.
  Time since last request: 0.000261 seconds.
  path: Assets/NEW CHARACTER
  artifactKey: Guid(fa5ac76e4b1c3b1478c6832622be1395) Importer(815301076,1909f56bfc062723c751e8b465ee728b)
Start importing Assets/NEW CHARACTER using Guid(fa5ac76e4b1c3b1478c6832622be1395) Importer(815301076,1909f56bfc062723c751e8b465ee728b)  -> (artifact id: 'ccb0bbc71047b0835998db005c075df4') in 0.001798 seconds
  Import took 0.003562 seconds .

========================================================================
Received Import Request.
  Time since last request: 0.000280 seconds.
  path: Assets/NEW CHARACTER/Character new UV.png
  artifactKey: Guid(6316edc8ab1448448ba7a67305aed809) Importer(815301076,1909f56bfc062723c751e8b465ee728b)
Start importing Assets/NEW CHARACTER/Character new UV.png using Guid(6316edc8ab1448448ba7a67305aed809) Importer(815301076,1909f56bfc062723c751e8b465ee728b)  -> (artifact id: '6e83bd5569c15110cd6d505d41d25cff') in 0.022200 seconds
  Import took 0.024630 seconds .

========================================================================
Received Import Request.
  Time since last request: 0.000303 seconds.
  path: Assets/NEW CHARACTER/Character new.obj
  artifactKey: Guid(838d0f31588cc514d89b581150f0502e) Importer(815301076,1909f56bfc062723c751e8b465ee728b)
Start importing Assets/NEW CHARACTER/Character new.obj using Guid(838d0f31588cc514d89b581150f0502e) Importer(815301076,1909f56bfc062723c751e8b465ee728b)  -> (artifact id: 'dd3fe8c448f1c9f84c9cac14cc3cdecb') in 0.301368 seconds
  Import took 0.304140 seconds .

========================================================================
Received Import Request.
  Time since last request: 1.029334 seconds.
  path: Assets/Scenes/MainScene.unity
  artifactKey: Guid(9fc0d4010bbf28b4594072e72b8655ab) Importer(815301076,1909f56bfc062723c751e8b465ee728b)
Start importing Assets/Scenes/MainScene.unity using Guid(9fc0d4010bbf28b4594072e72b8655ab) Importer(815301076,1909f56bfc062723c751e8b465ee728b)  -> (artifact id: 'b84aee453dfd19e0eaabdf420bc9789f') in 0.002278 seconds
  Import took 0.004534 seconds .

========================================================================
Received Import Request.
  Time since last request: 101.183616 seconds.
  path: Assets/Project CH 1/Character/character coding heaven 4.obj
  artifactKey: Guid(a1cef113ac995a1489fd31d80fb86cc7) Importer(815301076,1909f56bfc062723c751e8b465ee728b)
Start importing Assets/Project CH 1/Character/character coding heaven 4.obj using Guid(a1cef113ac995a1489fd31d80fb86cc7) Importer(815301076,1909f56bfc062723c751e8b465ee728b)  -> (artifact id: 'ecfba44f78e7f2f55b032cbbd34416ca') in 0.282267 seconds
  Import took 0.291726 seconds .

========================================================================
Received Import Request.
  Time since last request: 263.374685 seconds.
  path: Assets/NEW CHARACTER/Character new.mtl
  artifactKey: Guid(e3cfc118590891b4e9e7e5dbcca59672) Importer(815301076,1909f56bfc062723c751e8b465ee728b)
Start importing Assets/NEW CHARACTER/Character new.mtl using Guid(e3cfc118590891b4e9e7e5dbcca59672) Importer(815301076,1909f56bfc062723c751e8b465ee728b)  -> (artifact id: '24c1b82d9a5334bbeb9eab17bd4e014b') in 0.007012 seconds
  Import took 0.009068 seconds .

========================================================================
Received Import Request.
  Time since last request: 2.312365 seconds.
  path: Assets/NEW CHARACTER/Materials
  artifactKey: Guid(deeedb558c0411d4fa36cbd4524308d1) Importer(815301076,1909f56bfc062723c751e8b465ee728b)
Start importing Assets/NEW CHARACTER/Materials using Guid(deeedb558c0411d4fa36cbd4524308d1) Importer(815301076,1909f56bfc062723c751e8b465ee728b)  -> (artifact id: '71c0fdd688a8789c0f6d672eb1f9c9ce') in 0.002191 seconds
  Import took 0.004973 seconds .

========================================================================
Received Prepare
Registering precompiled user dll's ...
Registered in 0.000470 seconds.
Begin MonoManager ReloadAssembly
Native extension for WindowsStandalone target not found
Refreshing native plugins compatible for Editor in 0.22 ms, found 0 plugins.
Preloading 0 native plugins for Editor in 0.00 ms.
Mono: successfully reloaded assembly
- Completed reload, in  0.728 seconds
Platform modules already initialized, skipping
Switching build target platform(5) subTarget(0) extendedPlatform(0) -> platform(13) subTarget(537395200) extendedPlatform(0)
Refreshing native plugins compatible for Editor in 0.22 ms, found 0 plugins.
Preloading 0 native plugins for Editor in 0.00 ms.
Unloading 1155 Unused Serialized files (Serialized files now loaded: 0)
System memory in use before: 62.7 MB.
System memory in use after: 62.7 MB.

Unloading 5 unused Assets to reduce memory usage. Loaded Objects now: 1659.
Total: 1.864000 ms (FindLiveObjects: 0.155900 ms CreateObjectMapping: 0.036100 ms MarkObjects: 1.611700 ms  DeleteObjects: 0.058700 ms)

AssetImportParameters requested are different than current active one (requested -> active):
  custom:graphics/normal-map-encoding: 01000000000000000000000000000000 -> 02000000000000000000000000000000
========================================================================
Received Import Request.
  Time since last request: 294.073615 seconds.
  path: Assets/NEW CHARACTER/Character new.obj
  artifactKey: Guid(838d0f31588cc514d89b581150f0502e) Importer(815301076,1909f56bfc062723c751e8b465ee728b)
Start importing Assets/NEW CHARACTER/Character new.obj using Guid(838d0f31588cc514d89b581150f0502e) Importer(815301076,1909f56bfc062723c751e8b465ee728b)  -> (artifact id: '5f0bc2399dee608e79623dae532455f3') in 0.102765 seconds
  Import took 0.104637 seconds .

========================================================================
Received Import Request.
  Time since last request: 151.166467 seconds.
  path: Assets/NEW CHARACTER/Character new.obj
  artifactKey: Guid(838d0f31588cc514d89b581150f0502e) Importer(815301076,1909f56bfc062723c751e8b465ee728b)
Start importing Assets/NEW CHARACTER/Character new.obj using Guid(838d0f31588cc514d89b581150f0502e) Importer(815301076,1909f56bfc062723c751e8b465ee728b)  -> (artifact id: '24b37e176eb5ad02465cd5e3b1bb2853') in 0.060626 seconds
  Import took 0.062638 seconds .

========================================================================
Received Import Request.
  Time since last request: 1056.212444 seconds.
  path: Assets/Scenes/Shop.unity
  artifactKey: Guid(e75246ceb3418d24da804e10cdb7c98d) Importer(815301076,1909f56bfc062723c751e8b465ee728b)
Start importing Assets/Scenes/Shop.unity using Guid(e75246ceb3418d24da804e10cdb7c98d) Importer(815301076,1909f56bfc062723c751e8b465ee728b)  -> (artifact id: 'd8b4a851787dc49c1eb14bb854a2d33b') in 0.002534 seconds
  Import took 0.005478 seconds .

========================================================================
Received Prepare
Registering precompiled user dll's ...
Registered in 0.000504 seconds.
Begin MonoManager ReloadAssembly
Native extension for WindowsStandalone target not found
Refreshing native plugins compatible for Editor in 0.21 ms, found 0 plugins.
Preloading 0 native plugins for Editor in 0.00 ms.
Mono: successfully reloaded assembly
- Completed reload, in  0.761 seconds
Platform modules already initialized, skipping
Switching build target platform(5) subTarget(0) extendedPlatform(0) -> platform(13) subTarget(537395200) extendedPlatform(0)
Refreshing native plugins compatible for Editor in 0.21 ms, found 0 plugins.
Preloading 0 native plugins for Editor in 0.00 ms.
Unloading 1155 Unused Serialized files (Serialized files now loaded: 0)
System memory in use before: 62.7 MB.
System memory in use after: 62.8 MB.

Unloading 5 unused Assets to reduce memory usage. Loaded Objects now: 1663.
Total: 1.641300 ms (FindLiveObjects: 0.256700 ms CreateObjectMapping: 0.049700 ms MarkObjects: 1.282100 ms  DeleteObjects: 0.051400 ms)

AssetImportParameters requested are different than current active one (requested -> active):
  custom:graphics/normal-map-encoding: 01000000000000000000000000000000 -> 02000000000000000000000000000000
========================================================================
Received Import Request.
  Time since last request: 132.761359 seconds.
  path: Assets/Scenes/MainScene.unity
  artifactKey: Guid(9fc0d4010bbf28b4594072e72b8655ab) Importer(815301076,1909f56bfc062723c751e8b465ee728b)
Start importing Assets/Scenes/MainScene.unity using Guid(9fc0d4010bbf28b4594072e72b8655ab) Importer(815301076,1909f56bfc062723c751e8b465ee728b)  -> (artifact id: '8b515517ca2e7f3e449d9bf27ce2ad14') in 0.014287 seconds
  Import took 0.016968 seconds .

========================================================================
Received Import Request.
  Time since last request: 37.336146 seconds.
  path: Assets/Scenes/Shop.unity
  artifactKey: Guid(e75246ceb3418d24da804e10cdb7c98d) Importer(815301076,1909f56bfc062723c751e8b465ee728b)
Start importing Assets/Scenes/Shop.unity using Guid(e75246ceb3418d24da804e10cdb7c98d) Importer(815301076,1909f56bfc062723c751e8b465ee728b)  -> (artifact id: '3743ded7ac9e810b9c93d3af8a803aa9') in 0.002113 seconds
  Import took 0.004455 seconds .

========================================================================
Received Import Request.
  Time since last request: 49.216730 seconds.
  path: Assets/Sprites/Screenshot_2.jpg
  artifactKey: Guid(3d5da3792960ce440a22a6c6582909c0) Importer(815301076,1909f56bfc062723c751e8b465ee728b)
Start importing Assets/Sprites/Screenshot_2.jpg using Guid(3d5da3792960ce440a22a6c6582909c0) Importer(815301076,1909f56bfc062723c751e8b465ee728b)  -> (artifact id: 'f06b7b0dccdd3086ae0783bb5606b102') in 0.030723 seconds
  Import took 0.033399 seconds .

========================================================================
Received Import Request.
  Time since last request: 7.526675 seconds.
  path: Assets/Sprites/Screenshot_2.jpg
  artifactKey: Guid(3d5da3792960ce440a22a6c6582909c0) Importer(815301076,1909f56bfc062723c751e8b465ee728b)
Start importing Assets/Sprites/Screenshot_2.jpg using Guid(3d5da3792960ce440a22a6c6582909c0) Importer(815301076,1909f56bfc062723c751e8b465ee728b)  -> (artifact id: 'df413e9f6c0d1235efefc917af5ec44f') in 0.031073 seconds
  Import took 0.034242 seconds .

========================================================================
Received Import Request.
  Time since last request: 0.004272 seconds.
  path: Assets/Sprites/Screenshot_2.jpg
  artifactKey: Guid(3d5da3792960ce440a22a6c6582909c0) Importer(815301076,1909f56bfc062723c751e8b465ee728b)
Start importing Assets/Sprites/Screenshot_2.jpg using Guid(3d5da3792960ce440a22a6c6582909c0) Importer(815301076,1909f56bfc062723c751e8b465ee728b)  -> (artifact id: 'df413e9f6c0d1235efefc917af5ec44f') in 0.012059 seconds
  Import took 0.014271 seconds .

AssetImportWorkerClient::OnTransportError - code=2 error=End of file
