Using pre-set license
Built from '2020.3/release' branch; Version is '2020.3.7f1 (dd97f2c94397) revision 14522354'; Using compiler version '192528614'; Build Type 'Release'
OS: 'Windows 10 Enterprise LTSC 2019; OS build 17763.1039; Version 1809; 64bit' Language: 'uk' Physical Memory: 16307 MB
BatchMode: 1, IsHumanControllingUs: 0, StartBugReporterOnCrash: 0, Is64bit: 1, IsPro: 0

 COMMAND LINE ARGUMENTS:
F:\Maxym\2020.3.7f1\Editor\Unity.exe
-adb2
-batchMode
-noUpm
-name
AssetImportWorker0
-projectPath
D:/Unity Games/REPRESITORS/Coding-Heaven/Coding Heaven
-logFile
Logs/AssetImportWorker0.log
-srvPort
3489
Successfully changed project path to: D:/Unity Games/REPRESITORS/Coding-Heaven/Coding Heaven
D:/Unity Games/REPRESITORS/Coding-Heaven/Coding Heaven
Using Asset Import Pipeline V2.
Refreshing native plugins compatible for Editor in 24.45 ms, found 0 plugins.
Preloading 0 native plugins for Editor in 0.00 ms.
Initialize engine version: 2020.3.7f1 (dd97f2c94397)
[Subsystems] Discovering subsystems at path F:/Maxym/2020.3.7f1/Editor/Data/Resources/UnitySubsystems
[Subsystems] Discovering subsystems at path D:/Unity Games/REPRESITORS/Coding-Heaven/Coding Heaven/Assets
GfxDevice: creating device client; threaded=0
Direct3D:
    Version:  Direct3D 11.0 [level 11.1]
    Renderer: NVIDIA GeForce GTX 960 (ID=0x1401)
    Vendor:   
    VRAM:     2007 MB
    Driver:   27.21.14.6647
Initialize mono
Mono path[0] = 'F:/Maxym/2020.3.7f1/Editor/Data/Managed'
Mono path[1] = 'F:/Maxym/2020.3.7f1/Editor/Data/MonoBleedingEdge/lib/mono/unityjit'
Mono config path = 'F:/Maxym/2020.3.7f1/Editor/Data/MonoBleedingEdge/etc'
Using monoOptions --debugger-agent=transport=dt_socket,embedding=1,server=y,suspend=n,address=127.0.0.1:56424
Begin MonoManager ReloadAssembly
Registering precompiled unity dll's ...
Register platform support module: F:/Maxym/2020.3.7f1/Editor/Data/PlaybackEngines/WindowsStandaloneSupport/UnityEditor.WindowsStandalone.Extensions.dll
Registered in 0.000769 seconds.
Native extension for WindowsStandalone target not found
Refreshing native plugins compatible for Editor in 25.10 ms, found 0 plugins.
Preloading 0 native plugins for Editor in 0.00 ms.
Mono: successfully reloaded assembly
- Completed reload, in  1.619 seconds
Platform modules already initialized, skipping
Registering precompiled user dll's ...
Registered in 0.000657 seconds.
Begin MonoManager ReloadAssembly
Native extension for WindowsStandalone target not found
Refreshing native plugins compatible for Editor in 0.22 ms, found 0 plugins.
Preloading 0 native plugins for Editor in 0.00 ms.
Mono: successfully reloaded assembly
- Completed reload, in  1.105 seconds
Platform modules already initialized, skipping
========================================================================
Worker process is ready to serve import requests
Launched and connected shader compiler UnityShaderCompiler.exe after 0.05 seconds
Refreshing native plugins compatible for Editor in 0.21 ms, found 0 plugins.
Preloading 0 native plugins for Editor in 0.00 ms.
Unloading 1170 Unused Serialized files (Serialized files now loaded: 0)
System memory in use before: 60.6 MB.
System memory in use after: 60.7 MB.

Unloading 10 unused Assets to reduce memory usage. Loaded Objects now: 1612.
Total: 1.712300 ms (FindLiveObjects: 0.189300 ms CreateObjectMapping: 0.086700 ms MarkObjects: 1.350800 ms  DeleteObjects: 0.076200 ms)

========================================================================
Received Import Request.
  path: Assets/Scripts/ShopUpgrade.cs
  artifactKey: Guid(e6572a9eb8918f440a43f19ffebc67c3) Importer(815301076,1909f56bfc062723c751e8b465ee728b)
Start importing Assets/Scripts/ShopUpgrade.cs using Guid(e6572a9eb8918f440a43f19ffebc67c3) Importer(815301076,1909f56bfc062723c751e8b465ee728b)  -> (artifact id: 'cad3861a740035c31e973f23151fe274') in 0.019088 seconds
  Import took 0.021218 seconds .

========================================================================
Received Import Request.
  Time since last request: 0.000278 seconds.
  path: Assets/Scripts/MainMenu.cs
  artifactKey: Guid(29cf020f20abe774da8a8e648299b363) Importer(815301076,1909f56bfc062723c751e8b465ee728b)
Start importing Assets/Scripts/MainMenu.cs using Guid(29cf020f20abe774da8a8e648299b363) Importer(815301076,1909f56bfc062723c751e8b465ee728b)  -> (artifact id: 'a3a1ec43c7be908b7979cbccf7eaa358') in 0.002134 seconds
  Import took 0.004399 seconds .

========================================================================
Received Prepare
Registering precompiled user dll's ...
Registered in 0.000499 seconds.
Begin MonoManager ReloadAssembly
Native extension for WindowsStandalone target not found
Refreshing native plugins compatible for Editor in 0.22 ms, found 0 plugins.
Preloading 0 native plugins for Editor in 0.00 ms.
Mono: successfully reloaded assembly
- Completed reload, in  0.863 seconds
Platform modules already initialized, skipping
Switching build target platform(5) subTarget(0) extendedPlatform(0) -> platform(13) subTarget(537395200) extendedPlatform(0)
Refreshing native plugins compatible for Editor in 0.22 ms, found 0 plugins.
Preloading 0 native plugins for Editor in 0.00 ms.
Unloading 1155 Unused Serialized files (Serialized files now loaded: 0)
System memory in use before: 59.2 MB.
System memory in use after: 59.2 MB.

Unloading 5 unused Assets to reduce memory usage. Loaded Objects now: 1615.
Total: 1.525500 ms (FindLiveObjects: 0.135000 ms CreateObjectMapping: 0.068000 ms MarkObjects: 1.273000 ms  DeleteObjects: 0.048000 ms)

AssetImportParameters requested are different than current active one (requested -> active):
  custom:graphics/normal-map-encoding: 01000000000000000000000000000000 -> 02000000000000000000000000000000
========================================================================
Received Prepare
Registering precompiled user dll's ...
Registered in 0.000492 seconds.
Begin MonoManager ReloadAssembly
Native extension for WindowsStandalone target not found
Refreshing native plugins compatible for Editor in 0.22 ms, found 0 plugins.
Preloading 0 native plugins for Editor in 0.00 ms.
Mono: successfully reloaded assembly
- Completed reload, in  0.772 seconds
Platform modules already initialized, skipping
Switching build target platform(5) subTarget(0) extendedPlatform(0) -> platform(13) subTarget(537395200) extendedPlatform(0)
Refreshing native plugins compatible for Editor in 0.28 ms, found 0 plugins.
Preloading 0 native plugins for Editor in 0.00 ms.
Unloading 1155 Unused Serialized files (Serialized files now loaded: 0)
System memory in use before: 59.2 MB.
System memory in use after: 59.3 MB.

Unloading 5 unused Assets to reduce memory usage. Loaded Objects now: 1618.
Total: 2.355500 ms (FindLiveObjects: 0.199300 ms CreateObjectMapping: 0.070100 ms MarkObjects: 2.025700 ms  DeleteObjects: 0.058400 ms)

AssetImportParameters requested are different than current active one (requested -> active):
  custom:graphics/normal-map-encoding: 01000000000000000000000000000000 -> 02000000000000000000000000000000
========================================================================
Received Prepare
Registering precompiled user dll's ...
Registered in 0.000614 seconds.
Begin MonoManager ReloadAssembly
Native extension for WindowsStandalone target not found
Refreshing native plugins compatible for Editor in 0.33 ms, found 0 plugins.
Preloading 0 native plugins for Editor in 0.00 ms.
Mono: successfully reloaded assembly
- Completed reload, in  1.582 seconds
Platform modules already initialized, skipping
Switching build target platform(5) subTarget(0) extendedPlatform(0) -> platform(13) subTarget(537395200) extendedPlatform(0)
Refreshing native plugins compatible for Editor in 0.23 ms, found 0 plugins.
Preloading 0 native plugins for Editor in 0.00 ms.
Unloading 1155 Unused Serialized files (Serialized files now loaded: 0)
System memory in use before: 59.2 MB.
System memory in use after: 59.3 MB.

Unloading 5 unused Assets to reduce memory usage. Loaded Objects now: 1621.
Total: 1.933100 ms (FindLiveObjects: 0.220600 ms CreateObjectMapping: 0.086100 ms MarkObjects: 1.554400 ms  DeleteObjects: 0.070400 ms)

AssetImportParameters requested are different than current active one (requested -> active):
  custom:graphics/normal-map-encoding: 01000000000000000000000000000000 -> 02000000000000000000000000000000
========================================================================
Received Prepare
Refreshing native plugins compatible for Editor in 18.50 ms, found 0 plugins.
Preloading 0 native plugins for Editor in 0.00 ms.
Unloading 3 Unused Serialized files (Serialized files now loaded: 0)
System memory in use before: 36.5 MB.
System memory in use after: 36.6 MB.

Unloading 3 unused Assets to reduce memory usage. Loaded Objects now: 1621.
Total: 5.710500 ms (FindLiveObjects: 0.460300 ms CreateObjectMapping: 0.315800 ms MarkObjects: 4.700800 ms  DeleteObjects: 0.231700 ms)

========================================================================
Received Prepare
Refreshing native plugins compatible for Editor in 1.00 ms, found 0 plugins.
Preloading 0 native plugins for Editor in 0.00 ms.
Unloading 3 Unused Serialized files (Serialized files now loaded: 0)
System memory in use before: 36.5 MB.
System memory in use after: 36.6 MB.

Unloading 3 unused Assets to reduce memory usage. Loaded Objects now: 1621.
Total: 5.233400 ms (FindLiveObjects: 0.334500 ms CreateObjectMapping: 0.190600 ms MarkObjects: 4.524900 ms  DeleteObjects: 0.180800 ms)

========================================================================
Received Prepare
Refreshing native plugins compatible for Editor in 1.09 ms, found 0 plugins.
Preloading 0 native plugins for Editor in 0.00 ms.
Unloading 3 Unused Serialized files (Serialized files now loaded: 0)
System memory in use before: 36.5 MB.
System memory in use after: 36.6 MB.

Unloading 3 unused Assets to reduce memory usage. Loaded Objects now: 1621.
Total: 4.788500 ms (FindLiveObjects: 0.337600 ms CreateObjectMapping: 0.090100 ms MarkObjects: 4.254400 ms  DeleteObjects: 0.103400 ms)

========================================================================
Received Prepare
Registering precompiled user dll's ...
Registered in 0.000494 seconds.
Begin MonoManager ReloadAssembly
Native extension for WindowsStandalone target not found
Refreshing native plugins compatible for Editor in 0.24 ms, found 0 plugins.
Preloading 0 native plugins for Editor in 0.00 ms.
Mono: successfully reloaded assembly
- Completed reload, in  0.808 seconds
Platform modules already initialized, skipping
Switching build target platform(5) subTarget(0) extendedPlatform(0) -> platform(13) subTarget(537395200) extendedPlatform(0)
Refreshing native plugins compatible for Editor in 0.21 ms, found 0 plugins.
Preloading 0 native plugins for Editor in 0.00 ms.
Unloading 1155 Unused Serialized files (Serialized files now loaded: 0)
System memory in use before: 59.2 MB.
System memory in use after: 59.2 MB.

Unloading 5 unused Assets to reduce memory usage. Loaded Objects now: 1624.
Total: 1.812200 ms (FindLiveObjects: 0.148300 ms CreateObjectMapping: 0.040300 ms MarkObjects: 1.568000 ms  DeleteObjects: 0.053900 ms)

AssetImportParameters requested are different than current active one (requested -> active):
  custom:graphics/normal-map-encoding: 01000000000000000000000000000000 -> 02000000000000000000000000000000
========================================================================
Received Prepare
Refreshing native plugins compatible for Editor in 0.78 ms, found 0 plugins.
Preloading 0 native plugins for Editor in 0.00 ms.
Unloading 3 Unused Serialized files (Serialized files now loaded: 0)
System memory in use before: 36.5 MB.
System memory in use after: 36.6 MB.

Unloading 3 unused Assets to reduce memory usage. Loaded Objects now: 1624.
Total: 2.533600 ms (FindLiveObjects: 0.290500 ms CreateObjectMapping: 0.062500 ms MarkObjects: 2.107800 ms  DeleteObjects: 0.070900 ms)

========================================================================
Received Import Request.
  Time since last request: 1819.815402 seconds.
  path: Assets/uploads_files_2773581_Keyboard.obj
  artifactKey: Guid(3d368c18419778845b2e8e379bf74079) Importer(815301076,1909f56bfc062723c751e8b465ee728b)
Start importing Assets/uploads_files_2773581_Keyboard.obj using Guid(3d368c18419778845b2e8e379bf74079) Importer(815301076,1909f56bfc062723c751e8b465ee728b)  -> (artifact id: '5229f3316c8e1475ef5103ecaa8eac4e') in 0.200602 seconds
  Import took 0.204157 seconds .

========================================================================
Received Import Request.
  Time since last request: 216.917188 seconds.
  path: Assets/uploads_files_2773581_Keyboard.obj
  artifactKey: Guid(3d368c18419778845b2e8e379bf74079) Importer(815301076,1909f56bfc062723c751e8b465ee728b)
Start importing Assets/uploads_files_2773581_Keyboard.obj using Guid(3d368c18419778845b2e8e379bf74079) Importer(815301076,1909f56bfc062723c751e8b465ee728b)  -> (artifact id: '20c91786439b069714ba36247a9d63fc') in 0.052312 seconds
  Import took 0.055954 seconds .

========================================================================
Received Import Request.
  Time since last request: 69.430868 seconds.
  path: Assets/Scenes/MainScene.unity
  artifactKey: Guid(9fc0d4010bbf28b4594072e72b8655ab) Importer(815301076,1909f56bfc062723c751e8b465ee728b)
Start importing Assets/Scenes/MainScene.unity using Guid(9fc0d4010bbf28b4594072e72b8655ab) Importer(815301076,1909f56bfc062723c751e8b465ee728b)  -> (artifact id: 'c6485ab67fa42920210ae1fd25f30d6b') in 0.004394 seconds
  Import took 0.006999 seconds .

========================================================================
Received Prepare
Registering precompiled user dll's ...
Registered in 0.000509 seconds.
Begin MonoManager ReloadAssembly
Native extension for WindowsStandalone target not found
Refreshing native plugins compatible for Editor in 0.22 ms, found 0 plugins.
Preloading 0 native plugins for Editor in 0.00 ms.
Mono: successfully reloaded assembly
- Completed reload, in  0.725 seconds
Platform modules already initialized, skipping
Switching build target platform(5) subTarget(0) extendedPlatform(0) -> platform(13) subTarget(537395200) extendedPlatform(0)
Refreshing native plugins compatible for Editor in 0.39 ms, found 0 plugins.
Preloading 0 native plugins for Editor in 0.00 ms.
Unloading 1155 Unused Serialized files (Serialized files now loaded: 0)
System memory in use before: 62.6 MB.
System memory in use after: 62.7 MB.

Unloading 5 unused Assets to reduce memory usage. Loaded Objects now: 1670.
Total: 2.018800 ms (FindLiveObjects: 0.244900 ms CreateObjectMapping: 0.068600 ms MarkObjects: 1.646900 ms  DeleteObjects: 0.056600 ms)

AssetImportParameters requested are different than current active one (requested -> active):
  custom:graphics/normal-map-encoding: 01000000000000000000000000000000 -> 02000000000000000000000000000000
========================================================================
Received Import Request.
  Time since last request: 484.703123 seconds.
  path: Assets/TextMesh Pro/Fonts/LiberationSans.ttf
  artifactKey: Guid(e3265ab4bf004d28a9537516768c1c75) Importer(815301076,1909f56bfc062723c751e8b465ee728b)
Start importing Assets/TextMesh Pro/Fonts/LiberationSans.ttf using Guid(e3265ab4bf004d28a9537516768c1c75) Importer(815301076,1909f56bfc062723c751e8b465ee728b)  -> (artifact id: 'a2ac6a2280d46004484ef11b3066507d') in 0.227974 seconds
  Import took 0.231920 seconds .

========================================================================
Received Import Request.
  Time since last request: 24.381081 seconds.
  path: Assets/Scenes/MainScene.unity
  artifactKey: Guid(9fc0d4010bbf28b4594072e72b8655ab) Importer(815301076,1909f56bfc062723c751e8b465ee728b)
Start importing Assets/Scenes/MainScene.unity using Guid(9fc0d4010bbf28b4594072e72b8655ab) Importer(815301076,1909f56bfc062723c751e8b465ee728b)  -> (artifact id: '79705299f9916737be2e477a76e845cb') in 0.002757 seconds
  Import took 0.007213 seconds .

========================================================================
Received Import Request.
  Time since last request: 2.477456 seconds.
  path: Assets/Scenes/Shop.unity
  artifactKey: Guid(e75246ceb3418d24da804e10cdb7c98d) Importer(815301076,1909f56bfc062723c751e8b465ee728b)
Start importing Assets/Scenes/Shop.unity using Guid(e75246ceb3418d24da804e10cdb7c98d) Importer(815301076,1909f56bfc062723c751e8b465ee728b)  -> (artifact id: '5ad6a5ddc6b31502d60fd8fb350ad6e5') in 0.004075 seconds
  Import took 0.006548 seconds .

========================================================================
Received Import Request.
  Time since last request: 161.827731 seconds.
  path: Assets/Scenes/Shop.unity
  artifactKey: Guid(e75246ceb3418d24da804e10cdb7c98d) Importer(815301076,1909f56bfc062723c751e8b465ee728b)
Start importing Assets/Scenes/Shop.unity using Guid(e75246ceb3418d24da804e10cdb7c98d) Importer(815301076,1909f56bfc062723c751e8b465ee728b)  -> (artifact id: 'b96ea7ace8af53cc1422c36252aeefcf') in 0.004126 seconds
  Import took 0.007496 seconds .

========================================================================
Received Import Request.
  Time since last request: 60.144389 seconds.
  path: Assets/Scenes/MainScene.unity
  artifactKey: Guid(9fc0d4010bbf28b4594072e72b8655ab) Importer(815301076,1909f56bfc062723c751e8b465ee728b)
Start importing Assets/Scenes/MainScene.unity using Guid(9fc0d4010bbf28b4594072e72b8655ab) Importer(815301076,1909f56bfc062723c751e8b465ee728b)  -> (artifact id: '66fc615fd54a7a887ba58505ae3a735c') in 0.003325 seconds
  Import took 0.006471 seconds .

========================================================================
Received Prepare
Refreshing native plugins compatible for Editor in 0.99 ms, found 0 plugins.
Preloading 0 native plugins for Editor in 0.00 ms.
Unloading 3 Unused Serialized files (Serialized files now loaded: 0)
System memory in use before: 40.3 MB.
System memory in use after: 40.4 MB.

Unloading 3 unused Assets to reduce memory usage. Loaded Objects now: 1675.
Total: 2.917700 ms (FindLiveObjects: 0.135000 ms CreateObjectMapping: 0.035300 ms MarkObjects: 2.678500 ms  DeleteObjects: 0.067900 ms)

========================================================================
Received Prepare
Refreshing native plugins compatible for Editor in 0.79 ms, found 0 plugins.
Preloading 0 native plugins for Editor in 0.00 ms.
Unloading 3 Unused Serialized files (Serialized files now loaded: 0)
System memory in use before: 40.3 MB.
System memory in use after: 40.4 MB.

Unloading 3 unused Assets to reduce memory usage. Loaded Objects now: 1675.
Total: 2.976100 ms (FindLiveObjects: 0.283500 ms CreateObjectMapping: 0.074900 ms MarkObjects: 2.549500 ms  DeleteObjects: 0.065700 ms)

========================================================================
Received Import Request.
  Time since last request: 297.617691 seconds.
  path: Assets/Scenes/Shop.unity
  artifactKey: Guid(e75246ceb3418d24da804e10cdb7c98d) Importer(815301076,1909f56bfc062723c751e8b465ee728b)
Start importing Assets/Scenes/Shop.unity using Guid(e75246ceb3418d24da804e10cdb7c98d) Importer(815301076,1909f56bfc062723c751e8b465ee728b)  -> (artifact id: '6bba0c1dd3582889f1dd6fab7d797b58') in 0.003126 seconds
  Import took 0.006201 seconds .

========================================================================
Received Prepare
Refreshing native plugins compatible for Editor in 0.95 ms, found 0 plugins.
Preloading 0 native plugins for Editor in 0.00 ms.
Unloading 3 Unused Serialized files (Serialized files now loaded: 0)
System memory in use before: 40.3 MB.
System memory in use after: 40.4 MB.

Unloading 3 unused Assets to reduce memory usage. Loaded Objects now: 1675.
Total: 3.365000 ms (FindLiveObjects: 0.199200 ms CreateObjectMapping: 0.063500 ms MarkObjects: 3.035900 ms  DeleteObjects: 0.065300 ms)

========================================================================
Received Prepare
Refreshing native plugins compatible for Editor in 1.74 ms, found 0 plugins.
Preloading 0 native plugins for Editor in 0.00 ms.
Unloading 3 Unused Serialized files (Serialized files now loaded: 0)
System memory in use before: 40.3 MB.
System memory in use after: 40.4 MB.

Unloading 3 unused Assets to reduce memory usage. Loaded Objects now: 1675.
Total: 3.690200 ms (FindLiveObjects: 0.206900 ms CreateObjectMapping: 0.067500 ms MarkObjects: 3.338300 ms  DeleteObjects: 0.075900 ms)

AssetImportWorkerClient::OnTransportError - code=2 error=End of file
